-------------------------------------------------------------------------------
Test set: ru.netology.manager.TicketManagerTest
-------------------------------------------------------------------------------
Tests run: 3, Failures: 1, Errors: 0, Skipped: 0, Time elapsed: 0.069 s <<< FAILURE! - in ru.netology.manager.TicketManagerTest
shouldSearchNoOneTicket  Time elapsed: 0.006 s  <<< FAILURE!
org.opentest4j.AssertionFailedError: array lengths differ, expected: <0> but was: <1>
	at ru.netology.manager.TicketManagerTest.shouldSearchNoOneTicket(TicketManagerTest.java:53)

