<?xml version="1.0" encoding="UTF-8"?>
<testsuite xmlns:xsi="http://www.w3.org/2001/XMLSchema-instance" xsi:noNamespaceSchemaLocation="https://maven.apache.org/surefire/maven-surefire-plugin/xsd/surefire-test-report.xsd" name="ru.netology.manager.TicketManagerTest" time="0.072" tests="3" errors="0" skipped="0" failures="0">
  <properties>
[...]
</properties>
  <testcase name="shouldSearchOneTicket" classname="ru.netology.manager.TicketManagerTest" time="0.042"/>
  <testcase name="shouldSearchNoOneTicket" classname="ru.netology.manager.TicketManagerTest" time="0.001"/>
  <testcase name="shouldSearchTwoTicket" classname="ru.netology.manager.TicketManagerTest" time="0"/>
</testsuite>